#
# There is insufficient memory for the Java Runtime Environment to continue.
# Native memory allocation (malloc) failed to allocate 1048576 bytes for AllocateHeap
# Possible reasons:
#   The system is out of physical RAM or swap space
#   The process is running with CompressedOops enabled, and the Java Heap may be blocking the growth of the native heap
# Possible solutions:
#   Reduce memory load on the system
#   Increase physical memory or swap space
#   Check if swap backing store is full
#   Decrease Java heap size (-Xmx/-Xms)
#   Decrease number of Java threads
#   Decrease Java thread stack sizes (-Xss)
#   Set larger code cache with -XX:ReservedCodeCacheSize=
#   JVM is running with Zero Based Compressed Oops mode in which the Java heap is
#     placed in the first 32GB address space. The Java Heap base address is the
#     maximum limit for the native heap growth. Please use -XX:HeapBaseMinAddress
#     to set the Java Heap base and to place the Java Heap above 32GB virtual address.
# This output file may be truncated or incomplete.
#
#  Out of Memory Error (memory/allocation.inline.hpp:61), pid=860420, tid=0x00000000000d3984
#
# JRE version:  (8.0_212-b10) (build )
# Java VM: Java HotSpot(TM) 64-Bit Server VM (25.212-b10 mixed mode windows-amd64 compressed oops)
# Failed to write core dump. Minidumps are not enabled by default on client versions of Windows
#

---------------  T H R E A D  ---------------

Current thread (0x0000000002ada800):  JavaThread "Unknown thread" [_thread_in_vm, id=866692, stack(0x0000000002930000,0x0000000002a30000)]

Stack: [0x0000000002930000,0x0000000002a30000]
[error occurred during error reporting (printing stack bounds), id 0xc0000005]

Native frames: (J=compiled Java code, j=interpreted, Vv=VM code, C=native code)


---------------  P R O C E S S  ---------------

Java Threads: ( => current thread )

Other Threads:

=>0x0000000002ada800 (exited) JavaThread "Unknown thread" [_thread_in_vm, id=866692, stack(0x0000000002930000,0x0000000002a30000)]

VM state:not at safepoint (normal execution)

VM Mutex/Monitor currently owned by a thread: None

heap address: 0x00000006c1000000, size: 4080 MB, Compressed Oops mode: Zero based, Oop shift amount: 3
Narrow klass base: 0x0000000000000000, Narrow klass shift: 3
Compressed class space size: 1073741824 Address: 0x00000007c0000000

Heap:
 PSYoungGen      total 76288K, used 1310K [0x000000076b000000, 0x0000000770500000, 0x00000007c0000000)
  eden space 65536K, 2% used [0x000000076b000000,0x000000076b147af0,0x000000076f000000)
  from space 10752K, 0% used [0x000000076fa80000,0x000000076fa80000,0x0000000770500000)
  to   space 10752K, 0% used [0x000000076f000000,0x000000076f000000,0x000000076fa80000)
 ParOldGen       total 175104K, used 0K [0x00000006c1000000, 0x00000006cbb00000, 0x000000076b000000)
  object space 175104K, 0% used [0x00000006c1000000,0x00000006c1000000,0x00000006cbb00000)
 Metaspace       used 775K, capacity 4480K, committed 4480K, reserved 1056768K
  class space    used 76K, capacity 384K, committed 384K, reserved 1048576K

Card table byte_map: [0x0000000012090000,0x0000000012890000] byte_map_base: 0x000000000ea88000

Marking Bits: (ParMarkBitMap*) 0x00000000574c5ce0
 Begin Bits: [0x00000000133e0000, 0x00000000173a0000)
 End Bits:   [0x00000000173a0000, 0x000000001b360000)

Polling page: 0x0000000000910000

CodeCache: size=245760Kb used=328Kb max_used=328Kb free=245431Kb
 bounds [0x0000000002cd0000, 0x0000000002f40000, 0x0000000011cd0000]
 total_blobs=58 nmethods=0 adapters=38
 compilation: enabled

Compilation events (0 events):
No events

GC Heap History (0 events):
No events

Deoptimization events (0 events):
No events

Classes redefined (0 events):
No events

Internal exceptions (0 events):
No events

Events (10 events):
Event: 0.029 loading class java/lang/Short
Event: 0.029 loading class java/lang/Short done
Event: 0.029 loading class java/lang/Integer
Event: 0.029 loading class java/lang/Integer done
Event: 0.029 loading class java/lang/Long
Event: 0.029 loading class java/lang/Long done
Event: 0.030 loading class java/lang/NullPointerException
Event: 0.030 loading class java/lang/NullPointerException done
Event: 0.030 loading class java/lang/ArithmeticException
Event: 0.030 loading class java/lang/ArithmeticException done


Dynamic libraries:
0x00007ff61e440000 - 0x00007ff61e477000 	D:\jdk8\bin\java.exe
0x00007ffa71010000 - 0x00007ffa711fd000 	C:\Windows\SYSTEM32\ntdll.dll
0x00007ffa6e240000 - 0x00007ffa6e2f3000 	C:\Windows\System32\KERNEL32.DLL
0x00007ffa6d9e0000 - 0x00007ffa6dc73000 	C:\Windows\System32\KERNELBASE.dll
0x00007ffa70b10000 - 0x00007ffa70bb3000 	C:\Windows\System32\ADVAPI32.dll
0x00007ffa6e750000 - 0x00007ffa6e7ee000 	C:\Windows\System32\msvcrt.dll
0x00007ffa6e6b0000 - 0x00007ffa6e74e000 	C:\Windows\System32\sechost.dll
0x00007ffa70170000 - 0x00007ffa70293000 	C:\Windows\System32\RPCRT4.dll
0x00007ffa6e8a0000 - 0x00007ffa6ea37000 	C:\Windows\System32\USER32.dll
0x00007ffa6de20000 - 0x00007ffa6de40000 	C:\Windows\System32\win32u.dll
0x00007ffa70cd0000 - 0x00007ffa70cf9000 	C:\Windows\System32\GDI32.dll
0x00007ffa6dc80000 - 0x00007ffa6de1a000 	C:\Windows\System32\gdi32full.dll
0x00007ffa6e1a0000 - 0x00007ffa6e240000 	C:\Windows\System32\msvcp_win.dll
0x00007ffa6e0a0000 - 0x00007ffa6e19c000 	C:\Windows\System32\ucrtbase.dll
0x00007ffa5f8e0000 - 0x00007ffa5fb59000 	C:\Windows\WinSxS\amd64_microsoft.windows.common-controls_6595b64144ccf1df_6.0.17763.107_none_05b63884071e656e\COMCTL32.dll
0x00007ffa6e370000 - 0x00007ffa6e69e000 	C:\Windows\System32\combase.dll
0x00007ffa6d140000 - 0x00007ffa6d1be000 	C:\Windows\System32\bcryptPrimitives.dll
0x00007ffa70ca0000 - 0x00007ffa70cce000 	C:\Windows\System32\IMM32.DLL
0x0000000057550000 - 0x0000000057622000 	D:\jdk8\jre\bin\msvcr100.dll
0x0000000056ca0000 - 0x0000000057545000 	D:\jdk8\jre\bin\server\jvm.dll
0x00007ffa70560000 - 0x00007ffa70568000 	C:\Windows\System32\PSAPI.DLL
0x00007ffa5ff50000 - 0x00007ffa5ff59000 	C:\Windows\SYSTEM32\WSOCK32.dll
0x00007ffa70570000 - 0x00007ffa705dd000 	C:\Windows\System32\WS2_32.dll
0x00007ffa6ada0000 - 0x00007ffa6adc4000 	C:\Windows\SYSTEM32\WINMM.dll
0x00007ffa6bc10000 - 0x00007ffa6bc1a000 	C:\Windows\SYSTEM32\VERSION.dll
0x00007ffa6ac80000 - 0x00007ffa6acad000 	C:\Windows\SYSTEM32\WINMMBASE.dll
0x00007ffa6de40000 - 0x00007ffa6de8a000 	C:\Windows\System32\cfgmgr32.dll
0x00007ffa647f0000 - 0x00007ffa647ff000 	D:\jdk8\jre\bin\verify.dll
0x00007ffa5cc20000 - 0x00007ffa5cc49000 	D:\jdk8\jre\bin\java.dll
0x00007ffa5c900000 - 0x00007ffa5c923000 	D:\jdk8\jre\bin\instrument.dll
0x00007ffa5c9f0000 - 0x00007ffa5ca06000 	D:\jdk8\jre\bin\zip.dll

VM Arguments:
jvm_args: -XX:TieredStopAtLevel=1 -Xverify:none -Dspring.output.ansi.enabled=always -Dcom.sun.management.jmxremote -Dspring.jmx.enabled=true -Dspring.liveBeansView.mbeanDomain -Dspring.application.admin.enabled=true -javaagent:D:\Idea\IntelliJ IDEA 2019.1.3\lib\idea_rt.jar=52764:D:\Idea\IntelliJ IDEA 2019.1.3\bin -Dfile.encoding=UTF-8 
java_command: com.micro.OrderApplication
java_class_path (initial): D:\jdk8\jre\lib\charsets.jar;D:\jdk8\jre\lib\deploy.jar;D:\jdk8\jre\lib\ext\access-bridge-64.jar;D:\jdk8\jre\lib\ext\cldrdata.jar;D:\jdk8\jre\lib\ext\dnsns.jar;D:\jdk8\jre\lib\ext\jaccess.jar;D:\jdk8\jre\lib\ext\jfxrt.jar;D:\jdk8\jre\lib\ext\localedata.jar;D:\jdk8\jre\lib\ext\nashorn.jar;D:\jdk8\jre\lib\ext\sunec.jar;D:\jdk8\jre\lib\ext\sunjce_provider.jar;D:\jdk8\jre\lib\ext\sunmscapi.jar;D:\jdk8\jre\lib\ext\sunpkcs11.jar;D:\jdk8\jre\lib\ext\zipfs.jar;D:\jdk8\jre\lib\javaws.jar;D:\jdk8\jre\lib\jce.jar;D:\jdk8\jre\lib\jfr.jar;D:\jdk8\jre\lib\jfxswt.jar;D:\jdk8\jre\lib\jsse.jar;D:\jdk8\jre\lib\management-agent.jar;D:\jdk8\jre\lib\plugin.jar;D:\jdk8\jre\lib\resources.jar;D:\jdk8\jre\lib\rt.jar;D:\cloud\study\micro\micro-parent\micro-service\micro-service-order\target\classes;D:\cloud\study\micro\micro-parent\micro-service-api\micro-service-order-api\target\classes;D:\cloud\study\micro\micro-parent\micro-service-api\micro-service-item-api\target\classes;D:\cloud\study\micro\micro-parent\micro-common\target\classes;C:\Users\Administrator\.m2\repository\com\baomidou\mybatis-plus-boot-starter\3.2.0\mybatis-plus-boot-starter-3.2.0.jar;C:\Users\Administrator\.m2\repository\com\baomidou\mybatis-plus\3.2.0\mybatis-plus-3.2.0.jar;C:\Users\Administrator\.m2\repository\org\springframework\boot\spring-boot-starter-jdbc\2.2.6.RELEASE\spring-boot-starter-jdbc-2.2.6.RELEASE.jar;C:\Users\Administrator\.m2\repository\org\springframework\spring-jdbc\5.2.5.RELEASE\spring-jdbc-5.2.5.RELEASE.jar;C:\Users\Administrator\.m2\repository\com\baomidou\mybatis-plus-extension\3.2.0\mybatis-plus-extension-3.2.0.jar;C:\Users\Administrator\.m2\repository\com\baomidou\mybatis-plus-core\3.2.0\mybatis-plus-core-3.2.0.jar;C:\Users\Administrator\.m2\repository\com\baomidou\mybatis-plus-annotation\3.2.0\mybatis-plus-annotation-3.2.0.jar;C:\Users\Administrator\.m2\repository\org\mybatis\mybatis\3.5.2\mybatis-3.5.2.jar;C:\Users\Administrator\.m2\repository\org\mybatis\mybatis-sp
Launcher Type: SUN_STANDARD

Environment Variables:
JAVA_HOME=D:\jdk8
CLASSPATH=“.;D:\jdk8\lib\dt.jar;D:\jdk8\lib\tools.jar;”
PATH=C:\Program Files (x86)\Common Files\Oracle\Java\javapath;C:\ProgramData\Oracle\Java\javapath;C:\Windows\system32;C:\Windows;C:\Windows\System32\Wbem;C:\Windows\System32\WindowsPowerShell\v1.0\;D:\mysql\bin;D:\jdk8bin;D:\jdk8\jre\bin;D:\maven\apache-maven-3.6.1-bin\apache-maven-3.6.1\bin\;C:\Program Files (x86)\Microsoft SQL Server\100\Tools\Binn\;C:\Program Files\Microsoft SQL Server\100\Tools\Binn\;C:\Program Files\Microsoft SQL Server\100\DTS\Binn\;C:\Program Files (x86)\Microsoft SQL Server\100\Tools\Binn\VSShell\Common7\IDE\;C:\Program Files (x86)\Microsoft Visual Studio 9.0\Common7\IDE\PrivateAssemblies\;C:\Program Files (x86)\Microsoft SQL Server\100\DTS\Binn\;D:\ideaSvn\bin;C:\Program Files\MySQL\MySQL Server 8.0\bin;D:\git\Git\cmd;D:\tortoiseGIT\bin;D:\nodejs\;D:\erlang\erl10.5\bin;D:\rabbmq\rabbitmq_server-3.8.1\sbin;C:\Program Files (x86)\Windows Kits\8.1\Windows Performance Toolkit\;D:\python\Scripts\;D:\python\;C:\Users\Administrator\AppData\Local\Microsoft\WindowsApps;C:\Users\Administrator\AppData\Roaming\npm;D:\vsc\Microsoft VS Code\bin
USERNAME=Administrator
OS=Windows_NT
PROCESSOR_IDENTIFIER=Intel64 Family 6 Model 158 Stepping 10, GenuineIntel



---------------  S Y S T E M  ---------------

OS: Windows 10.0 , 64 bit Build 17763 (10.0.17763.1)

CPU:total 6 (initial active 6) (6 cores per cpu, 1 threads per core) family 6 model 158 stepping 10, cmov, cx8, fxsr, mmx, sse, sse2, sse3, ssse3, sse4.1, sse4.2, popcnt, avx, avx2, aes, clmul, erms, 3dnowpref, lzcnt, tsc, tscinvbit, bmi1, bmi2, adx

Memory: 4k page, physical 16709076k(7395920k free), swap 17757652k(5884k free)

vm_info: Java HotSpot(TM) 64-Bit Server VM (25.212-b10) for windows-amd64 JRE (1.8.0_212-b10), built on Apr  1 2019 22:50:23 by "java_re" with MS VC++ 10.0 (VS2010)

time: Tue Apr 28 10:40:09 2020
timezone: 中国标准时间
elapsed time: 0 seconds (0d 0h 0m 0s)

